#--------LOG from Wed 09 Jan 2013 at 14h:50m:35s ---------
#---------------------------------------------------------

#--------LOG from Wed 09 Jan 2013 at 15h:07m:47s ---------
1357744175.88: -1.499988E+02 V - -1.232162E-10 A
1357744183	0.008681425	4.59543e-11
1357744186	-9.995528	-4.401041e-11
1357744189	-19.9954	-5.31359e-11
1357744191	-29.99347	-6.117755e-11
1357744194	-39.99764	-6.719804e-11
1357744196	-49.99485	-8.105051e-11
1357744199	-59.99626	-8.60042e-11
1357744201	-70.0003	-8.838549e-11
1357744204	-79.99555	-9.226781e-11
1357744206	-89.99759	-9.396554e-11
1357744209	-100.0029	-9.572185e-11
1357744219.92: -1.499990E+02 V - -1.065025E-10 A
1357744227.68: -1.499991E+02 V - -9.780737E-11 A
1357744235.64: -1.499991E+02 V - -8.980697E-11 A
1357744243.39: -1.499991E+02 V - -8.150944E-11 A
1357744251.14: -1.499992E+02 V - -7.359414E-11 A
#---------------------------------------------------------

