#--------LOG from Thu 01 Jan 1970 at 00h:00m:00s ---------
!!! serialPort '/dev/tty.usbserial-FTG7MJTY' is not accessible !!!
#---------------------------------------------------------

#--------LOG from Thu 01 Jan 1970 at 00h:00m:00s ---------
SerialPort: /dev/ttyF1
status:1
status:0
output is off
output is off
output is off
output is off
output is off
output is off
output is off
output is off
output is off
output is off
output is off
output is off
output is off
output is off
output is off
output is off
output is off
output is off
got Packet: "1 /keithley 1357744169 :OUTP ON"
got Packet: "1 /keithley 1357744170 :PROG:IV:START 0.0"
analyse :PROG
['IV', 'START']
analyse :IV
iv len >0
prog-iv-start=0.0
:PROG:IV:START! 0.0
got Packet: "1 /keithley 1357744170 :PROG:IV:STOP -100.0"
analyse :PROG
['IV', 'STOP']
analyse :IV
iv len >0
prog-iv-stop=-100.0
:PROG:IV:STOP! -100.0
got Packet: "1 /keithley 1357744170 :PROG:IV:STEP 10.0"
analyse :PROG
['IV', 'STEP']
analyse :IV
iv len >0
prog-iv-step=10.0
:PROG:IV:STEP! 10.0
got Packet: "1 /keithley 1357744170 :PROG:IV:DELA Y2.0"
analyse :PROG
['IV', 'DELA']
analyse :IV
iv len >0
:PROG:IV:DELAY! 0.1
1357744175.88: -1.499988E+02 V - -1.232162E-10 A
got Packet: "1 /keithley 1357744170 :PROG:IV:TESTDIR /home/peller/sdvlp/elcommandante/trunk/DATA/M7676_2013-01-09_14h50m_1357743043//1357744169_IV_10"
analyse :PROG
['IV', 'TESTDIR']
analyse :IV
iv len >0
TESTDIR: "/home/peller/sdvlp/elcommandante/trunk/DATA/M7676_2013-01-09_14h50m_1357743043//1357744169_IV_10"
checked Directory
:IV:TESTDIR! /home/peller/sdvlp/elcommandante/trunk/DATA/M7676_2013-01-09_14h50m_1357743043//1357744169_IV_10
got Packet: "1 /keithley 1357744172 :PROG:IV MEAS"
analyse :PROG
['IV']
analyse :IV
Do Sweep from 0.00 V to -100.00 in steps of 10.00V with a delay of 0
TestDirectory is "/home/peller/sdvlp/elcommandante/trunk/DATA/M7676_2013-01-09_14h50m_1357743043//1357744169_IV_10"
TestDirectory is: /home/peller/sdvlp/elcommandante/trunk/DATA/M7676_2013-01-09_14h50m_1357743043//1357744169_IV_10
keithley RetVal: 1
exit while loop
1357744219.92: -1.499990E+02 V - -1.065025E-10 A
1357744227.68: -1.499991E+02 V - -9.780737E-11 A
got Packet: "1 /keithley 1357744226 :OUTP OFF"
got Packet: "1 /keithley 1357744228 :OUTP ON"
1357744235.64: -1.499991E+02 V - -8.980697E-11 A
1357744243.39: -1.499991E+02 V - -8.150944E-11 A
1357744251.14: -1.499992E+02 V - -7.359414E-11 A
got Packet: "1 /keithley 1357744255 :OUTP OFF"
output is off
output is off
output is off
output is off
output is off
output is off
got Packet: "1 /keithley 1357744287 :prog:exit"
analyse :PROG
['EXIT']
end program
exiting...
ciao!
#---------------------------------------------------------

